2018-11-12 15:07:34 INFO Initializing Servlet 'spring'
2018-11-12 15:07:34 INFO Completed initialization in 726 ms
2018-11-12 15:09:39 INFO HHH000412: Hibernate Core {5.3.5.Final}
2018-11-12 15:09:39 INFO HHH000206: hibernate.properties not found
2018-11-12 15:09:40 INFO HCANN000001: Hibernate Commons Annotations {5.0.4.Final}
2018-11-12 15:09:40 WARN HHH10001002: Using Hibernate built-in connection pool (not for production use!)
2018-11-12 15:09:40 INFO HHH10001005: using driver [com.mysql.jdbc.Driver] at URL [jdbc:mysql://localhost:3306/hrms]
2018-11-12 15:09:40 INFO HHH10001001: Connection properties: {user=root, password=****}
2018-11-12 15:09:40 INFO HHH10001003: Autocommit mode: false
2018-11-12 15:09:40 INFO HHH000115: Hibernate connection pool size: 20 (min=1)
2018-11-12 15:09:40 INFO HHH000400: Using dialect: org.hibernate.dialect.MySQL57Dialect
2018-11-12 15:09:41 INFO HHH000397: Using ASTQueryTranslatorFactory
2018-11-12 15:42:42 INFO Initializing Servlet 'spring'
2018-11-12 15:42:43 INFO Completed initialization in 758 ms
2018-11-12 15:42:50 INFO HHH000412: Hibernate Core {5.3.5.Final}
2018-11-12 15:42:50 INFO HHH000206: hibernate.properties not found
2018-11-12 15:42:50 INFO HCANN000001: Hibernate Commons Annotations {5.0.4.Final}
2018-11-12 15:42:50 WARN HHH10001002: Using Hibernate built-in connection pool (not for production use!)
2018-11-12 15:42:50 INFO HHH10001005: using driver [com.mysql.jdbc.Driver] at URL [jdbc:mysql://localhost:3306/hrms]
2018-11-12 15:42:50 INFO HHH10001001: Connection properties: {user=root, password=****}
2018-11-12 15:42:50 INFO HHH10001003: Autocommit mode: false
2018-11-12 15:42:50 INFO HHH000115: Hibernate connection pool size: 20 (min=1)
2018-11-12 15:42:50 INFO HHH000400: Using dialect: org.hibernate.dialect.MySQL57Dialect
2018-11-12 15:42:51 INFO HHH000397: Using ASTQueryTranslatorFactory
